<?xml version="1.0" encoding="UTF-8"?>
<testsuite xmlns:xsi="http://www.w3.org/2001/XMLSchema-instance" xsi:noNamespaceSchemaLocation="https://maven.apache.org/surefire/maven-surefire-plugin/xsd/surefire-test-report.xsd" version="3.0.2" name="smartbudget.service.SmartBudgetIntegrationTest" time="9.895" tests="1" errors="0" skipped="0" failures="0" flakes="0">
  <properties>
[...]
</properties>
  <testcase name="fullFlow_shouldWork" classname="smartbudget.service.SmartBudgetIntegrationTest" time="1.506">
    <system-out><![CDATA[13:26:33.776 [main] INFO org.springframework.test.context.support.AnnotationConfigContextLoaderUtils -- Could not detect default configuration classes for test class [smartbudget.service.SmartBudgetIntegrationTest]: SmartBudgetIntegrationTest does not declare any static, non-private, non-final, nested classes annotated with @Configuration.
13:26:34.066 [main] INFO org.springframework.boot.test.context.SpringBootTestContextBootstrapper -- Found @SpringBootConfiguration smartbudget.SmartBudgetServiceApplication for test class smartbudget.service.SmartBudgetIntegrationTest
13:26:34.184 [main] INFO org.springframework.test.context.support.AnnotationConfigContextLoaderUtils -- Could not detect default configuration classes for test class [smartbudget.service.SmartBudgetIntegrationTest]: SmartBudgetIntegrationTest does not declare any static, non-private, non-final, nested classes annotated with @Configuration.
13:26:34.188 [main] INFO org.springframework.boot.test.context.SpringBootTestContextBootstrapper -- Found @SpringBootConfiguration smartbudget.SmartBudgetServiceApplication for test class smartbudget.service.SmartBudgetIntegrationTest
13:26:34.287 [main] INFO org.springframework.boot.devtools.restart.RestartApplicationListener -- Restart disabled due to context in which it is running

  .   ____          _            __ _ _
 /\\ / ___'_ __ _ _(_)_ __  __ _ \ \ \ \
( ( )\___ | '_ | '_| | '_ \/ _` | \ \ \ \
 \\/  ___)| |_)| | | | | || (_| |  ) ) ) )
  '  |____| .__|_| |_|_| |_\__, | / / / /
 =========|_|==============|___/=/_/_/_/

 :: Spring Boot ::                (v4.0.6)

2026-07-23T13:26:34.731+02:00  INFO 16304 --- [           main] s.service.SmartBudgetIntegrationTest     : Starting SmartBudgetIntegrationTest using Java 21.0.10 with PID 16304 (started by user in C:\Users\user\IdeaProjects\smartBudget\backend-main)
2026-07-23T13:26:34.733+02:00  INFO 16304 --- [           main] s.service.SmartBudgetIntegrationTest     : The following 1 profile is active: "test"
2026-07-23T13:26:36.232+02:00  INFO 16304 --- [           main] .s.d.r.c.RepositoryConfigurationDelegate : Multiple Spring Data modules found, entering strict repository configuration mode
2026-07-23T13:26:36.235+02:00  INFO 16304 --- [           main] .s.d.r.c.RepositoryConfigurationDelegate : Bootstrapping Spring Data JPA repositories in DEFAULT mode.
2026-07-23T13:26:36.450+02:00  INFO 16304 --- [           main] .s.d.r.c.RepositoryConfigurationDelegate : Finished Spring Data repository scanning in 202 ms. Found 4 JPA repository interfaces.
2026-07-23T13:26:36.515+02:00  INFO 16304 --- [           main] .s.d.r.c.RepositoryConfigurationDelegate : Multiple Spring Data modules found, entering strict repository configuration mode
2026-07-23T13:26:36.516+02:00  INFO 16304 --- [           main] .s.d.r.c.RepositoryConfigurationDelegate : Bootstrapping Spring Data Redis repositories in DEFAULT mode.
2026-07-23T13:26:36.539+02:00  INFO 16304 --- [           main] .RepositoryConfigurationExtensionSupport : Spring Data Redis - Could not safely identify store assignment for repository candidate interface smartbudget.repository.BudgetRepository; If you want this repository to be a Redis repository, consider annotating your entities with one of these annotations: org.springframework.data.redis.core.RedisHash (preferred), or consider extending one of the following types with your repository: org.springframework.data.keyvalue.repository.KeyValueRepository
2026-07-23T13:26:36.539+02:00  INFO 16304 --- [           main] .RepositoryConfigurationExtensionSupport : Spring Data Redis - Could not safely identify store assignment for repository candidate interface smartbudget.repository.CategoryRepository; If you want this repository to be a Redis repository, consider annotating your entities with one of these annotations: org.springframework.data.redis.core.RedisHash (preferred), or consider extending one of the following types with your repository: org.springframework.data.keyvalue.repository.KeyValueRepository
2026-07-23T13:26:36.541+02:00  INFO 16304 --- [           main] .RepositoryConfigurationExtensionSupport : Spring Data Redis - Could not safely identify store assignment for repository candidate interface smartbudget.repository.TransactionRepository; If you want this repository to be a Redis repository, consider annotating your entities with one of these annotations: org.springframework.data.redis.core.RedisHash (preferred), or consider extending one of the following types with your repository: org.springframework.data.keyvalue.repository.KeyValueRepository
2026-07-23T13:26:36.541+02:00  INFO 16304 --- [           main] .RepositoryConfigurationExtensionSupport : Spring Data Redis - Could not safely identify store assignment for repository candidate interface smartbudget.repository.UserRepository; If you want this repository to be a Redis repository, consider annotating your entities with one of these annotations: org.springframework.data.redis.core.RedisHash (preferred), or consider extending one of the following types with your repository: org.springframework.data.keyvalue.repository.KeyValueRepository
2026-07-23T13:26:36.541+02:00  INFO 16304 --- [           main] .s.d.r.c.RepositoryConfigurationDelegate : Finished Spring Data repository scanning in 12 ms. Found 0 Redis repository interfaces.
2026-07-23T13:26:37.310+02:00  INFO 16304 --- [           main] org.hibernate.orm.jpa                    : HHH008540: Processing PersistenceUnitInfo [name: default]
2026-07-23T13:26:37.459+02:00  INFO 16304 --- [           main] org.hibernate.orm.core                   : HHH000001: Hibernate ORM core version 7.2.12.Final
2026-07-23T13:26:37.955+02:00  INFO 16304 --- [           main] o.s.o.j.p.SpringPersistenceUnitInfo      : No LoadTimeWeaver setup: ignoring JPA class transformer
2026-07-23T13:26:38.005+02:00  INFO 16304 --- [           main] com.zaxxer.hikari.HikariDataSource       : HikariPool-1 - Starting...
2026-07-23T13:26:38.325+02:00  INFO 16304 --- [           main] com.zaxxer.hikari.pool.HikariPool        : HikariPool-1 - Added connection conn0: url=jdbc:h2:mem:testdb user=POSTGRES
2026-07-23T13:26:38.328+02:00  INFO 16304 --- [           main] com.zaxxer.hikari.HikariDataSource       : HikariPool-1 - Start completed.
2026-07-23T13:26:38.363+02:00  WARN 16304 --- [           main] org.hibernate.orm.deprecation            : HHH90000025: H2Dialect does not need to be specified explicitly using 'hibernate.dialect' (remove the property setting and it will be selected by default)
2026-07-23T13:26:38.395+02:00  INFO 16304 --- [           main] org.hibernate.orm.connections.pooling    : HHH10001005: Database info:
	Database JDBC URL [jdbc:h2:mem:testdb]
	Database driver: H2 JDBC Driver
	Database dialect: H2Dialect
	Database version: 2.4.240
	Default catalog/schema: TESTDB/PUBLIC
	Autocommit mode: undefined/unknown
	Isolation level: READ_COMMITTED [default READ_COMMITTED]
	JDBC fetch size: 100
	Pool: DataSourceConnectionProvider
	Minimum pool size: undefined/unknown
	Maximum pool size: undefined/unknown
2026-07-23T13:26:39.474+02:00  INFO 16304 --- [           main] org.hibernate.orm.core                   : HHH000489: No JTA platform available (set 'hibernate.transaction.jta.platform' to enable JTA platform integration)
Hibernate: 
    drop table if exists budgets cascade 
Hibernate: 
    drop table if exists categories cascade 
Hibernate: 
    drop table if exists transactions cascade 
Hibernate: 
    drop table if exists users cascade 
Hibernate: 
    create table budgets (
        limit_amount numeric(12,2) not null,
        start_date date,
        category_id bigint not null,
        id bigint generated by default as identity,
        user_id bigint not null,
        period enum ('MONTH','MONTHLY','WEEK','YEAR') not null,
        primary key (id)
    )
Hibernate: 
    create table categories (
        id bigint generated by default as identity,
        color varchar(255),
        icon varchar(255),
        name varchar(255) not null,
        type enum ('EXPENSE','INCOME') not null,
        primary key (id)
    )
Hibernate: 
    create table transactions (
        amount numeric(12,2) not null,
        date date not null,
        category_id bigint not null,
        created_at timestamp(6) not null,
        id bigint generated by default as identity,
        user_id bigint not null,
        description varchar(255),
        currency enum ('EUR','PLN','USD'),
        type enum ('EXPENSE','INCOME') not null,
        primary key (id)
    )
Hibernate: 
    create table users (
        created_at timestamp(6),
        id bigint generated by default as identity,
        email varchar(255) not null unique,
        password_hash varchar(255) not null,
        primary key (id)
    )
Hibernate: 
    create index idx_user_date 
       on transactions (user_id, date)
Hibernate: 
    create index idx_category 
       on transactions (category_id)
Hibernate: 
    alter table if exists budgets 
       add constraint FKn7qib00712y8dwelmqfwis6ka 
       foreign key (category_id) 
       references categories
Hibernate: 
    alter table if exists budgets 
       add constraint FKln0tm5tgf3f9q3sp9sa5m8m7b 
       foreign key (user_id) 
       references users
Hibernate: 
    alter table if exists transactions 
       add constraint FKsqqi7sneo04kast0o138h19mv 
       foreign key (category_id) 
       references categories
Hibernate: 
    alter table if exists transactions 
       add constraint FKqwv7rmvc8va8rep7piikrojds 
       foreign key (user_id) 
       references users
2026-07-23T13:26:39.554+02:00  INFO 16304 --- [           main] j.LocalContainerEntityManagerFactoryBean : Initialized JPA EntityManagerFactory for persistence unit 'default'
2026-07-23T13:26:39.665+02:00  INFO 16304 --- [           main] o.s.d.j.r.query.QueryEnhancerFactories   : Hibernate is in classpath; If applicable, HQL parser will be used.
2026-07-23T13:26:40.696+02:00  WARN 16304 --- [           main] JpaBaseConfiguration$JpaWebConfiguration : spring.jpa.open-in-view is enabled by default. Therefore, database queries may be performed during view rendering. Explicitly configure spring.jpa.open-in-view to disable this warning
2026-07-23T13:26:41.986+02:00  INFO 16304 --- [           main] o.s.b.t.m.w.SpringBootMockServletContext : Initializing Spring TestDispatcherServlet ''
2026-07-23T13:26:41.987+02:00  INFO 16304 --- [           main] o.s.t.web.servlet.TestDispatcherServlet  : Initializing Servlet ''
2026-07-23T13:26:41.989+02:00  INFO 16304 --- [           main] o.s.t.web.servlet.TestDispatcherServlet  : Completed initialization in 1 ms
2026-07-23T13:26:42.022+02:00  INFO 16304 --- [           main] s.service.SmartBudgetIntegrationTest     : Started SmartBudgetIntegrationTest in 7.751 seconds (process running for 11.6)
2026-07-23T13:26:42.057+02:00  INFO 16304 --- [           main] j.LocalContainerEntityManagerFactoryBean : Closing JPA EntityManagerFactory for persistence unit 'default'
Hibernate: 
    drop table if exists budgets cascade 
Hibernate: 
    drop table if exists categories cascade 
Hibernate: 
    drop table if exists transactions cascade 
Hibernate: 
    drop table if exists users cascade 
2026-07-23T13:26:42.063+02:00  INFO 16304 --- [           main] com.zaxxer.hikari.HikariDataSource       : HikariPool-1 - Shutdown initiated...
2026-07-23T13:26:42.066+02:00  INFO 16304 --- [           main] com.zaxxer.hikari.HikariDataSource       : HikariPool-1 - Shutdown completed.
2026-07-23T13:26:42.070+02:00  INFO 16304 --- [           main] o.s.b.d.r.RestartApplicationListener     : Restart disabled due to context in which it is running

  .   ____          _            __ _ _
 /\\ / ___'_ __ _ _(_)_ __  __ _ \ \ \ \
( ( )\___ | '_ | '_| | '_ \/ _` | \ \ \ \
 \\/  ___)| |_)| | | | | || (_| |  ) ) ) )
  '  |____| .__|_| |_|_| |_\__, | / / / /
 =========|_|==============|___/=/_/_/_/

 :: Spring Boot ::                (v4.0.6)

2026-07-23T13:26:42.100+02:00  INFO 16304 --- [           main] s.service.SmartBudgetIntegrationTest     : Starting SmartBudgetIntegrationTest using Java 21.0.10 with PID 16304 (started by user in C:\Users\user\IdeaProjects\smartBudget\backend-main)
2026-07-23T13:26:42.101+02:00  INFO 16304 --- [           main] s.service.SmartBudgetIntegrationTest     : The following 1 profile is active: "test"
2026-07-23T13:26:42.305+02:00  INFO 16304 --- [           main] .s.d.r.c.RepositoryConfigurationDelegate : Multiple Spring Data modules found, entering strict repository configuration mode
2026-07-23T13:26:42.305+02:00  INFO 16304 --- [           main] .s.d.r.c.RepositoryConfigurationDelegate : Bootstrapping Spring Data JPA repositories in DEFAULT mode.
2026-07-23T13:26:42.325+02:00  INFO 16304 --- [           main] .s.d.r.c.RepositoryConfigurationDelegate : Finished Spring Data repository scanning in 18 ms. Found 4 JPA repository interfaces.
2026-07-23T13:26:42.340+02:00  INFO 16304 --- [           main] .s.d.r.c.RepositoryConfigurationDelegate : Multiple Spring Data modules found, entering strict repository configuration mode
2026-07-23T13:26:42.340+02:00  INFO 16304 --- [           main] .s.d.r.c.RepositoryConfigurationDelegate : Bootstrapping Spring Data Redis repositories in DEFAULT mode.
2026-07-23T13:26:42.352+02:00  INFO 16304 --- [           main] .RepositoryConfigurationExtensionSupport : Spring Data Redis - Could not safely identify store assignment for repository candidate interface smartbudget.repository.BudgetRepository; If you want this repository to be a Redis repository, consider annotating your entities with one of these annotations: org.springframework.data.redis.core.RedisHash (preferred), or consider extending one of the following types with your repository: org.springframework.data.keyvalue.repository.KeyValueRepository
2026-07-23T13:26:42.352+02:00  INFO 16304 --- [           main] .RepositoryConfigurationExtensionSupport : Spring Data Redis - Could not safely identify store assignment for repository candidate interface smartbudget.repository.CategoryRepository; If you want this repository to be a Redis repository, consider annotating your entities with one of these annotations: org.springframework.data.redis.core.RedisHash (preferred), or consider extending one of the following types with your repository: org.springframework.data.keyvalue.repository.KeyValueRepository
2026-07-23T13:26:42.352+02:00  INFO 16304 --- [           main] .RepositoryConfigurationExtensionSupport : Spring Data Redis - Could not safely identify store assignment for repository candidate interface smartbudget.repository.TransactionRepository; If you want this repository to be a Redis repository, consider annotating your entities with one of these annotations: org.springframework.data.redis.core.RedisHash (preferred), or consider extending one of the following types with your repository: org.springframework.data.keyvalue.repository.KeyValueRepository
2026-07-23T13:26:42.352+02:00  INFO 16304 --- [           main] .RepositoryConfigurationExtensionSupport : Spring Data Redis - Could not safely identify store assignment for repository candidate interface smartbudget.repository.UserRepository; If you want this repository to be a Redis repository, consider annotating your entities with one of these annotations: org.springframework.data.redis.core.RedisHash (preferred), or consider extending one of the following types with your repository: org.springframework.data.keyvalue.repository.KeyValueRepository
2026-07-23T13:26:42.352+02:00  INFO 16304 --- [           main] .s.d.r.c.RepositoryConfigurationDelegate : Finished Spring Data repository scanning in 9 ms. Found 0 Redis repository interfaces.
2026-07-23T13:26:42.459+02:00  INFO 16304 --- [           main] org.hibernate.orm.jpa                    : HHH008540: Processing PersistenceUnitInfo [name: default]
2026-07-23T13:26:42.489+02:00  INFO 16304 --- [           main] o.s.o.j.p.SpringPersistenceUnitInfo      : No LoadTimeWeaver setup: ignoring JPA class transformer
2026-07-23T13:26:42.491+02:00  INFO 16304 --- [           main] com.zaxxer.hikari.HikariDataSource       : HikariPool-2 - Starting...
2026-07-23T13:26:42.493+02:00  INFO 16304 --- [           main] com.zaxxer.hikari.pool.HikariPool        : HikariPool-2 - Added connection conn2: url=jdbc:h2:mem:testdb user=POSTGRES
2026-07-23T13:26:42.494+02:00  INFO 16304 --- [           main] com.zaxxer.hikari.HikariDataSource       : HikariPool-2 - Start completed.
2026-07-23T13:26:42.494+02:00  WARN 16304 --- [           main] org.hibernate.orm.deprecation            : HHH90000025: H2Dialect does not need to be specified explicitly using 'hibernate.dialect' (remove the property setting and it will be selected by default)
2026-07-23T13:26:42.495+02:00  INFO 16304 --- [           main] org.hibernate.orm.connections.pooling    : HHH10001005: Database info:
	Database JDBC URL [jdbc:h2:mem:testdb]
	Database driver: H2 JDBC Driver
	Database dialect: H2Dialect
	Database version: 2.4.240
	Default catalog/schema: TESTDB/PUBLIC
	Autocommit mode: undefined/unknown
	Isolation level: READ_COMMITTED [default READ_COMMITTED]
	JDBC fetch size: 100
	Pool: DataSourceConnectionProvider
	Minimum pool size: undefined/unknown
	Maximum pool size: undefined/unknown
2026-07-23T13:26:42.554+02:00  INFO 16304 --- [           main] org.hibernate.orm.core                   : HHH000489: No JTA platform available (set 'hibernate.transaction.jta.platform' to enable JTA platform integration)
Hibernate: 
    drop table if exists budgets cascade 
Hibernate: 
    drop table if exists categories cascade 
Hibernate: 
    drop table if exists transactions cascade 
Hibernate: 
    drop table if exists users cascade 
Hibernate: 
    create table budgets (
        limit_amount numeric(12,2) not null,
        start_date date,
        category_id bigint not null,
        id bigint generated by default as identity,
        user_id bigint not null,
        period enum ('MONTH','MONTHLY','WEEK','YEAR') not null,
        primary key (id)
    )
Hibernate: 
    create table categories (
        id bigint generated by default as identity,
        color varchar(255),
        icon varchar(255),
        name varchar(255) not null,
        type enum ('EXPENSE','INCOME') not null,
        primary key (id)
    )
Hibernate: 
    create table transactions (
        amount numeric(12,2) not null,
        date date not null,
        category_id bigint not null,
        created_at timestamp(6) not null,
        id bigint generated by default as identity,
        user_id bigint not null,
        description varchar(255),
        currency enum ('EUR','PLN','USD'),
        type enum ('EXPENSE','INCOME') not null,
        primary key (id)
    )
Hibernate: 
    create table users (
        created_at timestamp(6),
        id bigint generated by default as identity,
        email varchar(255) not null unique,
        password_hash varchar(255) not null,
        primary key (id)
    )
Hibernate: 
    create index idx_user_date 
       on transactions (user_id, date)
Hibernate: 
    create index idx_category 
       on transactions (category_id)
Hibernate: 
    alter table if exists budgets 
       add constraint FKn7qib00712y8dwelmqfwis6ka 
       foreign key (category_id) 
       references categories
Hibernate: 
    alter table if exists budgets 
       add constraint FKln0tm5tgf3f9q3sp9sa5m8m7b 
       foreign key (user_id) 
       references users
Hibernate: 
    alter table if exists transactions 
       add constraint FKsqqi7sneo04kast0o138h19mv 
       foreign key (category_id) 
       references categories
Hibernate: 
    alter table if exists transactions 
       add constraint FKqwv7rmvc8va8rep7piikrojds 
       foreign key (user_id) 
       references users
2026-07-23T13:26:42.565+02:00  INFO 16304 --- [           main] j.LocalContainerEntityManagerFactoryBean : Initialized JPA EntityManagerFactory for persistence unit 'default'
2026-07-23T13:26:42.675+02:00  WARN 16304 --- [           main] JpaBaseConfiguration$JpaWebConfiguration : spring.jpa.open-in-view is enabled by default. Therefore, database queries may be performed during view rendering. Explicitly configure spring.jpa.open-in-view to disable this warning
2026-07-23T13:26:42.863+02:00  INFO 16304 --- [           main] o.s.b.t.m.w.SpringBootMockServletContext : Initializing Spring TestDispatcherServlet ''
2026-07-23T13:26:42.863+02:00  INFO 16304 --- [           main] o.s.t.web.servlet.TestDispatcherServlet  : Initializing Servlet ''
2026-07-23T13:26:42.863+02:00  INFO 16304 --- [           main] o.s.t.web.servlet.TestDispatcherServlet  : Completed initialization in 0 ms
2026-07-23T13:26:42.873+02:00  INFO 16304 --- [           main] s.service.SmartBudgetIntegrationTest     : Started SmartBudgetIntegrationTest in 0.804 seconds (process running for 12.452)
2026-07-23T13:26:43.018+02:00  INFO 16304 --- [           main] smartbudget.controller.UserController    : create user in controller: CreateUserDto(email=test@test.com, password=123456)
Hibernate: 
    insert 
    into
        users
        (created_at, email, password_hash, id) 
    values
        (?, ?, ?, default)
2026-07-23T13:26:43.285+02:00  INFO 16304 --- [           main] s.controller.CategoryController          : create category in controller: CreateCategoryDto(name=Food, type=EXPENSE, icon=utensils, color=#f97316)
Hibernate: 
    insert 
    into
        categories
        (color, icon, name, type, id) 
    values
        (?, ?, ?, ?, default)
2026-07-23T13:26:43.315+02:00  INFO 16304 --- [           main] s.controller.TransactionController       : create transaction in controller: CreateTransactionDto(userId=1, categoryId=1, amount=100, type=EXPENSE, date=2026-07-23, currency=USD, description=Food test)
Hibernate: 
    select
        u1_0.id,
        u1_0.created_at,
        u1_0.email,
        u1_0.password_hash 
    from
        users u1_0 
    where
        u1_0.id=?
Hibernate: 
    select
        c1_0.id,
        c1_0.color,
        c1_0.icon,
        c1_0.name,
        c1_0.type 
    from
        categories c1_0 
    where
        c1_0.id=?
Hibernate: 
    insert 
    into
        transactions
        (amount, category_id, created_at, currency, date, description, type, user_id, id) 
    values
        (?, ?, ?, ?, ?, ?, ?, ?, default)
2026-07-23T13:26:43.358+02:00  INFO 16304 --- [           main] s.controller.BudgetController            : create budget in controller: CreateBudgetDto(userId=1, categoryId=1, limitAmount=500, period=MONTH, startDate=2026-07-23)
Hibernate: 
    select
        u1_0.id,
        u1_0.created_at,
        u1_0.email,
        u1_0.password_hash 
    from
        users u1_0 
    where
        u1_0.id=?
Hibernate: 
    select
        c1_0.id,
        c1_0.color,
        c1_0.icon,
        c1_0.name,
        c1_0.type 
    from
        categories c1_0 
    where
        c1_0.id=?
Hibernate: 
    select
        b1_0.id 
    from
        budgets b1_0 
    where
        b1_0.user_id=? 
        and b1_0.category_id=? 
        and b1_0.period=? 
    fetch
        first ? rows only
Hibernate: 
    insert 
    into
        budgets
        (category_id, limit_amount, period, start_date, user_id, id) 
    values
        (?, ?, ?, ?, ?, default)
Hibernate: 
    select
        u1_0.id,
        u1_0.created_at,
        u1_0.email,
        u1_0.password_hash 
    from
        users u1_0
Hibernate: 
    select
        c1_0.id,
        c1_0.color,
        c1_0.icon,
        c1_0.name,
        c1_0.type 
    from
        categories c1_0
2026-07-23T13:26:43.513+02:00  INFO 16304 --- [           main] s.controller.TransactionController       : get all transactions in controller by userId and categoryId: 1, null
Hibernate: 
    select
        t1_0.id,
        t1_0.amount,
        t1_0.category_id,
        t1_0.created_at,
        t1_0.currency,
        t1_0.date,
        t1_0.description,
        t1_0.type,
        t1_0.user_id 
    from
        transactions t1_0 
    where
        t1_0.user_id=?
Hibernate: 
    select
        c1_0.id,
        c1_0.color,
        c1_0.icon,
        c1_0.name,
        c1_0.type 
    from
        categories c1_0 
    where
        c1_0.id=?
2026-07-23T13:26:43.527+02:00  INFO 16304 --- [           main] s.controller.BudgetController            : get all budgets in controller by userId: 1
Hibernate: 
    select
        b1_0.id,
        b1_0.category_id,
        b1_0.limit_amount,
        b1_0.period,
        b1_0.start_date,
        b1_0.user_id 
    from
        budgets b1_0 
    where
        b1_0.user_id=?
Hibernate: 
    select
        c1_0.id,
        c1_0.color,
        c1_0.icon,
        c1_0.name,
        c1_0.type 
    from
        categories c1_0 
    where
        c1_0.id=?
Hibernate: 
    select
        u1_0.id,
        u1_0.created_at,
        u1_0.email,
        u1_0.password_hash 
    from
        users u1_0 
    where
        u1_0.id=?
]]></system-out>
  </testcase>
</testsuite>